Build started 25/03/2016 22:51:53.
     1>Project "C:\Users\Nathan\Documents\Visual Studio 2013\Projects\Level Editor Console\Level Editor Console\Level Editor Console.vcxproj" on node 2 (Build target(s)).
     1>ClCompile:
         C:\Program Files (x86)\Microsoft Visual Studio 12.0\VC\bin\CL.exe /c /I"C:\Users\Nathan\Documents\Visual Studio 2013\Projects\Level Editor Console\\SFML\include" /ZI /nologo /W3 /WX- /Od /Oy- /D SFML_STATIC /D WIN32 /D _DEBUG /D _CONSOLE /D _LIB /D _UNICODE /D UNICODE /Gm /EHsc /RTC1 /MDd /GS /fp:precise /Zc:wchar_t /Zc:forScope /Fo"Debug\\" /Fd"Debug\vc120.pdb" /Gd /TP /analyze- /errorReport:prompt main.cpp
         main.cpp
     1>c:\users\nathan\documents\visual studio 2013\projects\level editor console\level editor console\main.cpp(66): warning C4244: 'argument' : conversion from 'unsigned int' to 'float', possible loss of data
     1>c:\users\nathan\documents\visual studio 2013\projects\level editor console\level editor console\main.cpp(74): warning C4244: 'argument' : conversion from 'unsigned int' to 'float', possible loss of data
     1>c:\users\nathan\documents\visual studio 2013\projects\level editor console\level editor console\main.cpp(84): warning C4244: 'argument' : conversion from 'unsigned int' to 'float', possible loss of data
     1>c:\users\nathan\documents\visual studio 2013\projects\level editor console\level editor console\main.cpp(251): warning C4244: 'argument' : conversion from 'int' to 'float', possible loss of data
     1>c:\users\nathan\documents\visual studio 2013\projects\level editor console\level editor console\main.cpp(255): warning C4244: 'argument' : conversion from 'int' to 'float', possible loss of data
     1>c:\users\nathan\documents\visual studio 2013\projects\level editor console\level editor console\main.cpp(259): warning C4244: 'argument' : conversion from 'int' to 'float', possible loss of data
     1>c:\users\nathan\documents\visual studio 2013\projects\level editor console\level editor console\main.cpp(265): warning C4018: '<' : signed/unsigned mismatch
     1>c:\users\nathan\documents\visual studio 2013\projects\level editor console\level editor console\main.cpp(275): warning C4018: '<' : signed/unsigned mismatch
     1>c:\users\nathan\documents\visual studio 2013\projects\level editor console\level editor console\main.cpp(285): warning C4018: '<' : signed/unsigned mismatch
     1>c:\users\nathan\documents\visual studio 2013\projects\level editor console\level editor console\main.cpp(310): warning C4018: '<' : signed/unsigned mismatch
     1>c:\users\nathan\documents\visual studio 2013\projects\level editor console\level editor console\main.cpp(313): warning C4018: '<' : signed/unsigned mismatch
     1>c:\users\nathan\documents\visual studio 2013\projects\level editor console\level editor console\main.cpp(316): warning C4018: '<' : signed/unsigned mismatch
     1>c:\users\nathan\documents\visual studio 2013\projects\level editor console\level editor console\main.cpp(349): warning C4018: '<' : signed/unsigned mismatch
     1>c:\users\nathan\documents\visual studio 2013\projects\level editor console\level editor console\main.cpp(360): warning C4018: '<' : signed/unsigned mismatch
     1>c:\users\nathan\documents\visual studio 2013\projects\level editor console\level editor console\main.cpp(374): warning C4018: '<' : signed/unsigned mismatch
     1>c:\users\nathan\documents\visual studio 2013\projects\level editor console\level editor console\main.cpp(396): warning C4244: 'argument' : conversion from 'int' to 'float', possible loss of data
     1>c:\users\nathan\documents\visual studio 2013\projects\level editor console\level editor console\main.cpp(399): warning C4244: 'argument' : conversion from 'int' to 'float', possible loss of data
       Link:
         C:\Program Files (x86)\Microsoft Visual Studio 12.0\VC\bin\link.exe /ERRORREPORT:PROMPT /OUT:"C:\Users\Nathan\Documents\Visual Studio 2013\Projects\Level Editor Console\Debug\Level Editor Console.exe" /INCREMENTAL /NOLOGO /LIBPATH:"C:\Users\Nathan\Documents\Visual Studio 2013\Projects\Level Editor Console\\SFML\lib" "sfml-graphics-s-d.lib" "sfml-window-s-d.lib" "sfml-system-s-d.lib" opengl32.lib freetype.lib jpeg.lib winmm.lib gdi32.lib kernel32.lib user32.lib gdi32.lib winspool.lib comdlg32.lib advapi32.lib shell32.lib ole32.lib oleaut32.lib uuid.lib odbc32.lib odbccp32.lib /MANIFEST /MANIFESTUAC:"level='asInvoker' uiAccess='false'" /manifest:embed /DEBUG /PDB:"C:\Users\Nathan\Documents\Visual Studio 2013\Projects\Level Editor Console\Debug\Level Editor Console.pdb" /SUBSYSTEM:CONSOLE /TLBID:1 /DYNAMICBASE /NXCOMPAT /IMPLIB:"C:\Users\Nathan\Documents\Visual Studio 2013\Projects\Level Editor Console\Debug\Level Editor Console.lib" /MACHINE:X86 Debug\main.obj
         Level Editor Console.vcxproj -> C:\Users\Nathan\Documents\Visual Studio 2013\Projects\Level Editor Console\Debug\Level Editor Console.exe
     1>Done Building Project "C:\Users\Nathan\Documents\Visual Studio 2013\Projects\Level Editor Console\Level Editor Console\Level Editor Console.vcxproj" (Build target(s)).

Build succeeded.

Time Elapsed 00:00:00.84
